<?xml version="1.0" encoding="UTF-8"?>
<!-- Generated by org.testng.reporters.JUnitReportReporter -->
<testsuite hostname="LAPTOP-1RLFDVNI" failures="0" tests="2" name="testcases.CredentialsPageTest" time="16.310" errors="0" timestamp="01 May 2021 03:04:07 GMT" skipped="0">
  <testcase classname="testcases.CredentialsPageTest" name="credentialsPageTitleTest" time="6.677"/>
  <testcase classname="testcases.CredentialsPageTest" name="loginTest" time="9.633"/>
</testsuite> <!-- testcases.CredentialsPageTest -->
