<?xml version="1.0" encoding="UTF-8"?>
<!-- Generated by org.testng.reporters.JUnitReportReporter -->
<testsuite hostname="LAPTOP-1RLFDVNI" failures="0" tests="3" name="testcases.Kiran" time="0.008" errors="0" timestamp="10 May 2021 19:49:28 GMT" skipped="0">
  <testcase classname="testcases.Kiran" name="test2" time="0.006"/>
  <testcase classname="testcases.Kiran" name="test4" time="0.001"/>
  <testcase classname="testcases.Kiran" name="test1" time="0.001"/>
</testsuite> <!-- testcases.Kiran -->
