<?xml version="1.0" encoding="UTF-8"?>
<!-- Generated by org.testng.reporters.JUnitReportReporter -->
<testsuite hostname="LAPTOP-1RLFDVNI" failures="0" tests="2" name="testcases.TstNGIgnoreDemo" time="0.006" errors="0" timestamp="10 May 2021 19:52:55 GMT" skipped="1">
  <testcase classname="testcases.TstNGIgnoreDemo" name="test2" time="0.006"/>
  <testcase classname="testcases.TstNGIgnoreDemo" name="test1">
    <skipped/>
  </testcase> <!-- test1 -->
</testsuite> <!-- testcases.TstNGIgnoreDemo -->
